##############################################################
#          Arquivo de registro de eventos do Sistema         #
#                Created by: Kevin Marques                   #
##############################################################
INFO: [29/03/2018 10:03] - File Configs Created
AVISO: [29/03/2018 10:03] - Instalação do sistema Completo!
AVISO: [29/03/2018 10:05] - Valor 'sessionexpiretime' não encontrada nas configurações! Valor legado utilizado. Verifique suas Definições no arquivo de configurações!
AVISO: [29/03/2018 10:05] - Valor 'typedb' não encontrada nas configurações! Valor legado utilizado. Verifique suas Definições no arquivo de configurações!
INFO: [29/03/2018 11:31] - File Configs Created
AVISO: [29/03/2018 11:31] - Instalação do sistema Completo!
AVISO: [29/03/2018 11:38] - Instalação do sistema Completo!
AVISO: [29/03/2018 11:39] - Instalação do sistema Completo!
AVISO: [29/03/2018 11:40] - Valor 'sessionexpiretime' não encontrada nas configurações! Valor legado utilizado. Verifique suas Definições no arquivo de configurações!
AVISO: [29/03/2018 11:40] - Valor 'typedb' não encontrada nas configurações! Valor legado utilizado. Verifique suas Definições no arquivo de configurações!
INFO: [29/03/2018 11:44] - File Configs Created
AVISO: [29/03/2018 11:44] - Instalação do sistema Completo!
AVISO: [29/03/2018 11:44] - Instalação do sistema Completo!
AVISO: [30/03/2018 12:27] - Valor 'sessionexpiretime' não encontrada nas configurações! Valor legado utilizado. Verifique suas Definições no arquivo de configurações!
AVISO: [30/03/2018 12:27] - Valor 'typedb' não encontrada nas configurações! Valor legado utilizado. Verifique suas Definições no arquivo de configurações!
AVISO: [30/03/2018 12:27] - Valor 'sessionexpiretime' não encontrada nas configurações! Valor legado utilizado. Verifique suas Definições no arquivo de configurações!
AVISO: [30/03/2018 12:27] - Valor 'typedb' não encontrada nas configurações! Valor legado utilizado. Verifique suas Definições no arquivo de configurações!
AVISO: [30/03/2018 12:27] - Valor 'sessionexpiretime' não encontrada nas configurações! Valor legado utilizado. Verifique suas Definições no arquivo de configurações!
AVISO: [30/03/2018 12:27] - Valor 'typedb' não encontrada nas configurações! Valor legado utilizado. Verifique suas Definições no arquivo de configurações!
AVISO: [30/03/2018 12:28] - Valor 'sessionexpiretime' não encontrada nas configurações! Valor legado utilizado. Verifique suas Definições no arquivo de configurações!
AVISO: [30/03/2018 12:28] - Valor 'typedb' não encontrada nas configurações! Valor legado utilizado. Verifique suas Definições no arquivo de configurações!
AVISO: [30/03/2018 12:28] - Valor 'sessionexpiretime' não encontrada nas configurações! Valor legado utilizado. Verifique suas Definições no arquivo de configurações!
AVISO: [30/03/2018 12:28] - Valor 'typedb' não encontrada nas configurações! Valor legado utilizado. Verifique suas Definições no arquivo de configurações!
AVISO: [30/03/2018 12:28] - Valor 'sessionexpiretime' não encontrada nas configurações! Valor legado utilizado. Verifique suas Definições no arquivo de configurações!
AVISO: [30/03/2018 12:28] - Valor 'typedb' não encontrada nas configurações! Valor legado utilizado. Verifique suas Definições no arquivo de configurações!
AVISO: [30/03/2018 12:29] - Valor 'sessionexpiretime' não encontrada nas configurações! Valor legado utilizado. Verifique suas Definições no arquivo de configurações!
AVISO: [30/03/2018 12:29] - Valor 'typedb' não encontrada nas configurações! Valor legado utilizado. Verifique suas Definições no arquivo de configurações!
AVISO: [30/03/2018 12:29] - Valor 'sessionexpiretime' não encontrada nas configurações! Valor legado utilizado. Verifique suas Definições no arquivo de configurações!
AVISO: [30/03/2018 12:29] - Valor 'typedb' não encontrada nas configurações! Valor legado utilizado. Verifique suas Definições no arquivo de configurações!
AVISO: [30/03/2018 12:31] - Valor 'sessionexpiretime' não encontrada nas configurações! Valor legado utilizado. Verifique suas Definições no arquivo de configurações!
AVISO: [30/03/2018 12:31] - Valor 'typedb' não encontrada nas configurações! Valor legado utilizado. Verifique suas Definições no arquivo de configurações!
AVISO: [30/03/2018 12:31] - Valor 'sessionexpiretime' não encontrada nas configurações! Valor legado utilizado. Verifique suas Definições no arquivo de configurações!
AVISO: [30/03/2018 12:31] - Valor 'typedb' não encontrada nas configurações! Valor legado utilizado. Verifique suas Definições no arquivo de configurações!
AVISO: [30/03/2018 12:41] - Valor 'sessionexpiretime' não encontrada nas configurações! Valor legado utilizado. Verifique suas Definições no arquivo de configurações!
AVISO: [30/03/2018 12:41] - Valor 'typedb' não encontrada nas configurações! Valor legado utilizado. Verifique suas Definições no arquivo de configurações!
INFO: [30/03/2018 12:56] - File Configs Created
FATAL: [30/03/2018 12:56] - SQLSTATE[HY093]: Invalid parameter number: number of bound variables does not match number of tokens
AVISO: [30/03/2018 12:56] - Instalação do sistema Completo!
AVISO: [30/03/2018 12:56] - Instalação do sistema Completo!
AVISO: [30/03/2018 12:58] - Valor 'sessionexpiretime' não encontrada nas configurações! Valor legado utilizado. Verifique suas Definições no arquivo de configurações!
AVISO: [30/03/2018 12:58] - Valor 'typedb' não encontrada nas configurações! Valor legado utilizado. Verifique suas Definições no arquivo de configurações!
AVISO: [30/03/2018 01:30] - Valor 'sessionexpiretime' não encontrada nas configurações! Valor legado utilizado. Verifique suas Definições no arquivo de configurações!
AVISO: [30/03/2018 01:30] - Valor 'typedb' não encontrada nas configurações! Valor legado utilizado. Verifique suas Definições no arquivo de configurações!
INFO: [30/03/2018 04:56] - File Configs Created
AVISO: [30/03/2018 04:56] - Instalação do sistema Completo!
AVISO: [30/03/2018 04:56] - Valor 'sessionexpiretime' não encontrada nas configurações! Valor legado utilizado. Verifique suas Definições no arquivo de configurações!
AVISO: [30/03/2018 04:56] - Valor 'typedb' não encontrada nas configurações! Valor legado utilizado. Verifique suas Definições no arquivo de configurações!
AVISO: [30/03/2018 04:56] - Valor 'sessionexpiretime' não encontrada nas configurações! Valor legado utilizado. Verifique suas Definições no arquivo de configurações!
AVISO: [30/03/2018 04:56] - Valor 'typedb' não encontrada nas configurações! Valor legado utilizado. Verifique suas Definições no arquivo de configurações!
AVISO: [30/03/2018 04:57] - Valor 'sessionexpiretime' não encontrada nas configurações! Valor legado utilizado. Verifique suas Definições no arquivo de configurações!
AVISO: [30/03/2018 04:57] - Valor 'typedb' não encontrada nas configurações! Valor legado utilizado. Verifique suas Definições no arquivo de configurações!
AVISO: [30/03/2018 04:57] - Valor 'sessionexpiretime' não encontrada nas configurações! Valor legado utilizado. Verifique suas Definições no arquivo de configurações!
AVISO: [30/03/2018 04:57] - Valor 'typedb' não encontrada nas configurações! Valor legado utilizado. Verifique suas Definições no arquivo de configurações!
AVISO: [30/03/2018 04:58] - Valor 'sessionexpiretime' não encontrada nas configurações! Valor legado utilizado. Verifique suas Definições no arquivo de configurações!
AVISO: [30/03/2018 04:58] - Valor 'typedb' não encontrada nas configurações! Valor legado utilizado. Verifique suas Definições no arquivo de configurações!
AVISO: [30/03/2018 05:06] - Valor 'sessionexpiretime' não encontrada nas configurações! Valor legado utilizado. Verifique suas Definições no arquivo de configurações!
AVISO: [30/03/2018 05:06] - Valor 'typedb' não encontrada nas configurações! Valor legado utilizado. Verifique suas Definições no arquivo de configurações!
AVISO: [30/03/2018 05:12] - Valor 'sessionexpiretime' não encontrada nas configurações! Valor legado utilizado. Verifique suas Definições no arquivo de configurações!
AVISO: [30/03/2018 05:12] - Valor 'typedb' não encontrada nas configurações! Valor legado utilizado. Verifique suas Definições no arquivo de configurações!
AVISO: [30/03/2018 05:12] - Valor 'sessionexpiretime' não encontrada nas configurações! Valor legado utilizado. Verifique suas Definições no arquivo de configurações!
AVISO: [30/03/2018 05:12] - Valor 'typedb' não encontrada nas configurações! Valor legado utilizado. Verifique suas Definições no arquivo de configurações!
AVISO: [30/03/2018 05:12] - Valor 'sessionexpiretime' não encontrada nas configurações! Valor legado utilizado. Verifique suas Definições no arquivo de configurações!
AVISO: [30/03/2018 05:12] - Valor 'typedb' não encontrada nas configurações! Valor legado utilizado. Verifique suas Definições no arquivo de configurações!
AVISO: [30/03/2018 05:12] - Valor 'sessionexpiretime' não encontrada nas configurações! Valor legado utilizado. Verifique suas Definições no arquivo de configurações!
AVISO: [30/03/2018 05:12] - Valor 'typedb' não encontrada nas configurações! Valor legado utilizado. Verifique suas Definições no arquivo de configurações!
AVISO: [30/03/2018 05:12] - Valor 'sessionexpiretime' não encontrada nas configurações! Valor legado utilizado. Verifique suas Definições no arquivo de configurações!
AVISO: [30/03/2018 05:12] - Valor 'typedb' não encontrada nas configurações! Valor legado utilizado. Verifique suas Definições no arquivo de configurações!
AVISO: [30/03/2018 05:13] - Valor 'sessionexpiretime' não encontrada nas configurações! Valor legado utilizado. Verifique suas Definições no arquivo de configurações!
AVISO: [30/03/2018 05:13] - Valor 'typedb' não encontrada nas configurações! Valor legado utilizado. Verifique suas Definições no arquivo de configurações!
AVISO: [30/03/2018 05:13] - Valor 'sessionexpiretime' não encontrada nas configurações! Valor legado utilizado. Verifique suas Definições no arquivo de configurações!
AVISO: [30/03/2018 05:13] - Valor 'typedb' não encontrada nas configurações! Valor legado utilizado. Verifique suas Definições no arquivo de configurações!
AVISO: [30/03/2018 05:45] - Valor 'sessionexpiretime' não encontrada nas configurações! Valor legado utilizado. Verifique suas Definições no arquivo de configurações!
AVISO: [30/03/2018 05:45] - Valor 'typedb' não encontrada nas configurações! Valor legado utilizado. Verifique suas Definições no arquivo de configurações!
AVISO: [30/03/2018 05:45] - Valor 'sessionexpiretime' não encontrada nas configurações! Valor legado utilizado. Verifique suas Definições no arquivo de configurações!
AVISO: [30/03/2018 05:45] - Valor 'typedb' não encontrada nas configurações! Valor legado utilizado. Verifique suas Definições no arquivo de configurações!
AVISO: [30/03/2018 05:46] - Valor 'sessionexpiretime' não encontrada nas configurações! Valor legado utilizado. Verifique suas Definições no arquivo de configurações!
AVISO: [30/03/2018 05:46] - Valor 'typedb' não encontrada nas configurações! Valor legado utilizado. Verifique suas Definições no arquivo de configurações!
AVISO: [30/03/2018 05:46] - Valor 'sessionexpiretime' não encontrada nas configurações! Valor legado utilizado. Verifique suas Definições no arquivo de configurações!
AVISO: [30/03/2018 05:46] - Valor 'typedb' não encontrada nas configurações! Valor legado utilizado. Verifique suas Definições no arquivo de configurações!
AVISO: [30/03/2018 05:47] - Valor 'sessionexpiretime' não encontrada nas configurações! Valor legado utilizado. Verifique suas Definições no arquivo de configurações!
AVISO: [30/03/2018 05:47] - Valor 'typedb' não encontrada nas configurações! Valor legado utilizado. Verifique suas Definições no arquivo de configurações!
AVISO: [30/03/2018 05:48] - Valor 'sessionexpiretime' não encontrada nas configurações! Valor legado utilizado. Verifique suas Definições no arquivo de configurações!
AVISO: [30/03/2018 05:48] - Valor 'typedb' não encontrada nas configurações! Valor legado utilizado. Verifique suas Definições no arquivo de configurações!
AVISO: [30/03/2018 05:48] - Valor 'sessionexpiretime' não encontrada nas configurações! Valor legado utilizado. Verifique suas Definições no arquivo de configurações!
AVISO: [30/03/2018 05:48] - Valor 'typedb' não encontrada nas configurações! Valor legado utilizado. Verifique suas Definições no arquivo de configurações!
AVISO: [30/03/2018 05:48] - Valor 'sessionexpiretime' não encontrada nas configurações! Valor legado utilizado. Verifique suas Definições no arquivo de configurações!
AVISO: [30/03/2018 05:48] - Valor 'typedb' não encontrada nas configurações! Valor legado utilizado. Verifique suas Definições no arquivo de configurações!
AVISO: [30/03/2018 05:48] - Valor 'sessionexpiretime' não encontrada nas configurações! Valor legado utilizado. Verifique suas Definições no arquivo de configurações!
AVISO: [30/03/2018 05:48] - Valor 'typedb' não encontrada nas configurações! Valor legado utilizado. Verifique suas Definições no arquivo de configurações!
AVISO: [30/03/2018 05:49] - Valor 'sessionexpiretime' não encontrada nas configurações! Valor legado utilizado. Verifique suas Definições no arquivo de configurações!
AVISO: [30/03/2018 05:49] - Valor 'typedb' não encontrada nas configurações! Valor legado utilizado. Verifique suas Definições no arquivo de configurações!
AVISO: [30/03/2018 05:49] - Valor 'sessionexpiretime' não encontrada nas configurações! Valor legado utilizado. Verifique suas Definições no arquivo de configurações!
AVISO: [30/03/2018 05:49] - Valor 'typedb' não encontrada nas configurações! Valor legado utilizado. Verifique suas Definições no arquivo de configurações!
AVISO: [30/03/2018 05:50] - Valor 'sessionexpiretime' não encontrada nas configurações! Valor legado utilizado. Verifique suas Definições no arquivo de configurações!
AVISO: [30/03/2018 05:50] - Valor 'typedb' não encontrada nas configurações! Valor legado utilizado. Verifique suas Definições no arquivo de configurações!
AVISO: [30/03/2018 05:50] - Valor 'sessionexpiretime' não encontrada nas configurações! Valor legado utilizado. Verifique suas Definições no arquivo de configurações!
AVISO: [30/03/2018 05:50] - Valor 'typedb' não encontrada nas configurações! Valor legado utilizado. Verifique suas Definições no arquivo de configurações!
AVISO: [30/03/2018 05:50] - Valor 'sessionexpiretime' não encontrada nas configurações! Valor legado utilizado. Verifique suas Definições no arquivo de configurações!
AVISO: [30/03/2018 05:50] - Valor 'typedb' não encontrada nas configurações! Valor legado utilizado. Verifique suas Definições no arquivo de configurações!
AVISO: [30/03/2018 05:50] - Valor 'sessionexpiretime' não encontrada nas configurações! Valor legado utilizado. Verifique suas Definições no arquivo de configurações!
AVISO: [30/03/2018 05:50] - Valor 'typedb' não encontrada nas configurações! Valor legado utilizado. Verifique suas Definições no arquivo de configurações!
AVISO: [30/03/2018 05:50] - Valor 'sessionexpiretime' não encontrada nas configurações! Valor legado utilizado. Verifique suas Definições no arquivo de configurações!
AVISO: [30/03/2018 05:50] - Valor 'typedb' não encontrada nas configurações! Valor legado utilizado. Verifique suas Definições no arquivo de configurações!
AVISO: [30/03/2018 05:50] - Valor 'sessionexpiretime' não encontrada nas configurações! Valor legado utilizado. Verifique suas Definições no arquivo de configurações!
AVISO: [30/03/2018 05:50] - Valor 'typedb' não encontrada nas configurações! Valor legado utilizado. Verifique suas Definições no arquivo de configurações!
AVISO: [30/03/2018 05:51] - Valor 'sessionexpiretime' não encontrada nas configurações! Valor legado utilizado. Verifique suas Definições no arquivo de configurações!
AVISO: [30/03/2018 05:51] - Valor 'typedb' não encontrada nas configurações! Valor legado utilizado. Verifique suas Definições no arquivo de configurações!
AVISO: [30/03/2018 05:51] - Valor 'sessionexpiretime' não encontrada nas configurações! Valor legado utilizado. Verifique suas Definições no arquivo de configurações!
AVISO: [30/03/2018 05:51] - Valor 'typedb' não encontrada nas configurações! Valor legado utilizado. Verifique suas Definições no arquivo de configurações!
AVISO: [30/03/2018 05:51] - Valor 'sessionexpiretime' não encontrada nas configurações! Valor legado utilizado. Verifique suas Definições no arquivo de configurações!
AVISO: [30/03/2018 05:51] - Valor 'typedb' não encontrada nas configurações! Valor legado utilizado. Verifique suas Definições no arquivo de configurações!
AVISO: [30/03/2018 05:57] - Valor 'sessionexpiretime' não encontrada nas configurações! Valor legado utilizado. Verifique suas Definições no arquivo de configurações!
AVISO: [30/03/2018 05:57] - Valor 'typedb' não encontrada nas configurações! Valor legado utilizado. Verifique suas Definições no arquivo de configurações!
AVISO: [30/03/2018 05:57] - Valor 'sessionexpiretime' não encontrada nas configurações! Valor legado utilizado. Verifique suas Definições no arquivo de configurações!
AVISO: [30/03/2018 05:57] - Valor 'typedb' não encontrada nas configurações! Valor legado utilizado. Verifique suas Definições no arquivo de configurações!
AVISO: [30/03/2018 05:58] - Valor 'sessionexpiretime' não encontrada nas configurações! Valor legado utilizado. Verifique suas Definições no arquivo de configurações!
AVISO: [30/03/2018 05:58] - Valor 'typedb' não encontrada nas configurações! Valor legado utilizado. Verifique suas Definições no arquivo de configurações!
AVISO: [30/03/2018 01:31] - Valor 'sessionexpiretime' não encontrada nas configurações! Valor legado utilizado. Verifique suas Definições no arquivo de configurações!
AVISO: [30/03/2018 01:31] - Valor 'typedb' não encontrada nas configurações! Valor legado utilizado. Verifique suas Definições no arquivo de configurações!
AVISO: [30/03/2018 01:31] - Valor 'sessionexpiretime' não encontrada nas configurações! Valor legado utilizado. Verifique suas Definições no arquivo de configurações!
AVISO: [30/03/2018 01:31] - Valor 'typedb' não encontrada nas configurações! Valor legado utilizado. Verifique suas Definições no arquivo de configurações!
AVISO: [30/03/2018 02:00] - Valor 'sessionexpiretime' não encontrada nas configurações! Valor legado utilizado. Verifique suas Definições no arquivo de configurações!
AVISO: [30/03/2018 02:00] - Valor 'typedb' não encontrada nas configurações! Valor legado utilizado. Verifique suas Definições no arquivo de configurações!
AVISO: [30/03/2018 02:01] - Valor 'sessionexpiretime' não encontrada nas configurações! Valor legado utilizado. Verifique suas Definições no arquivo de configurações!
AVISO: [30/03/2018 02:01] - Valor 'typedb' não encontrada nas configurações! Valor legado utilizado. Verifique suas Definições no arquivo de configurações!
AVISO: [30/03/2018 02:01] - Valor 'sessionexpiretime' não encontrada nas configurações! Valor legado utilizado. Verifique suas Definições no arquivo de configurações!
AVISO: [30/03/2018 02:01] - Valor 'typedb' não encontrada nas configurações! Valor legado utilizado. Verifique suas Definições no arquivo de configurações!
AVISO: [30/03/2018 02:01] - Valor 'sessionexpiretime' não encontrada nas configurações! Valor legado utilizado. Verifique suas Definições no arquivo de configurações!
AVISO: [30/03/2018 02:01] - Valor 'typedb' não encontrada nas configurações! Valor legado utilizado. Verifique suas Definições no arquivo de configurações!
AVISO: [30/03/2018 02:02] - Valor 'sessionexpiretime' não encontrada nas configurações! Valor legado utilizado. Verifique suas Definições no arquivo de configurações!
AVISO: [30/03/2018 02:02] - Valor 'typedb' não encontrada nas configurações! Valor legado utilizado. Verifique suas Definições no arquivo de configurações!
AVISO: [30/03/2018 02:02] - Valor 'sessionexpiretime' não encontrada nas configurações! Valor legado utilizado. Verifique suas Definições no arquivo de configurações!
AVISO: [30/03/2018 02:02] - Valor 'typedb' não encontrada nas configurações! Valor legado utilizado. Verifique suas Definições no arquivo de configurações!
AVISO: [30/03/2018 02:03] - Valor 'sessionexpiretime' não encontrada nas configurações! Valor legado utilizado. Verifique suas Definições no arquivo de configurações!
AVISO: [30/03/2018 02:03] - Valor 'typedb' não encontrada nas configurações! Valor legado utilizado. Verifique suas Definições no arquivo de configurações!
AVISO: [30/03/2018 02:03] - Valor 'sessionexpiretime' não encontrada nas configurações! Valor legado utilizado. Verifique suas Definições no arquivo de configurações!
AVISO: [30/03/2018 02:03] - Valor 'typedb' não encontrada nas configurações! Valor legado utilizado. Verifique suas Definições no arquivo de configurações!
AVISO: [30/03/2018 02:05] - Valor 'sessionexpiretime' não encontrada nas configurações! Valor legado utilizado. Verifique suas Definições no arquivo de configurações!
AVISO: [30/03/2018 02:05] - Valor 'typedb' não encontrada nas configurações! Valor legado utilizado. Verifique suas Definições no arquivo de configurações!
AVISO: [30/03/2018 02:05] - Valor 'sessionexpiretime' não encontrada nas configurações! Valor legado utilizado. Verifique suas Definições no arquivo de configurações!
AVISO: [30/03/2018 02:05] - Valor 'typedb' não encontrada nas configurações! Valor legado utilizado. Verifique suas Definições no arquivo de configurações!
AVISO: [30/03/2018 02:06] - Valor 'sessionexpiretime' não encontrada nas configurações! Valor legado utilizado. Verifique suas Definições no arquivo de configurações!
AVISO: [30/03/2018 02:06] - Valor 'typedb' não encontrada nas configurações! Valor legado utilizado. Verifique suas Definições no arquivo de configurações!
AVISO: [30/03/2018 02:06] - Valor 'sessionexpiretime' não encontrada nas configurações! Valor legado utilizado. Verifique suas Definições no arquivo de configurações!
AVISO: [30/03/2018 02:06] - Valor 'typedb' não encontrada nas configurações! Valor legado utilizado. Verifique suas Definições no arquivo de configurações!
AVISO: [30/03/2018 02:06] - Valor 'sessionexpiretime' não encontrada nas configurações! Valor legado utilizado. Verifique suas Definições no arquivo de configurações!
AVISO: [30/03/2018 02:06] - Valor 'typedb' não encontrada nas configurações! Valor legado utilizado. Verifique suas Definições no arquivo de configurações!
AVISO: [30/03/2018 02:06] - Valor 'sessionexpiretime' não encontrada nas configurações! Valor legado utilizado. Verifique suas Definições no arquivo de configurações!
AVISO: [30/03/2018 02:06] - Valor 'typedb' não encontrada nas configurações! Valor legado utilizado. Verifique suas Definições no arquivo de configurações!
AVISO: [30/03/2018 02:06] - Valor 'sessionexpiretime' não encontrada nas configurações! Valor legado utilizado. Verifique suas Definições no arquivo de configurações!
AVISO: [30/03/2018 02:06] - Valor 'typedb' não encontrada nas configurações! Valor legado utilizado. Verifique suas Definições no arquivo de configurações!
AVISO: [30/03/2018 02:13] - Valor 'sessionexpiretime' não encontrada nas configurações! Valor legado utilizado. Verifique suas Definições no arquivo de configurações!
AVISO: [30/03/2018 02:13] - Valor 'typedb' não encontrada nas configurações! Valor legado utilizado. Verifique suas Definições no arquivo de configurações!
AVISO: [30/03/2018 02:16] - Valor 'sessionexpiretime' não encontrada nas configurações! Valor legado utilizado. Verifique suas Definições no arquivo de configurações!
AVISO: [30/03/2018 02:16] - Valor 'typedb' não encontrada nas configurações! Valor legado utilizado. Verifique suas Definições no arquivo de configurações!
AVISO: [30/03/2018 02:16] - Valor 'sessionexpiretime' não encontrada nas configurações! Valor legado utilizado. Verifique suas Definições no arquivo de configurações!
AVISO: [30/03/2018 02:16] - Valor 'typedb' não encontrada nas configurações! Valor legado utilizado. Verifique suas Definições no arquivo de configurações!
AVISO: [30/03/2018 02:17] - Valor 'sessionexpiretime' não encontrada nas configurações! Valor legado utilizado. Verifique suas Definições no arquivo de configurações!
AVISO: [30/03/2018 02:17] - Valor 'typedb' não encontrada nas configurações! Valor legado utilizado. Verifique suas Definições no arquivo de configurações!
AVISO: [30/03/2018 02:17] - Valor 'sessionexpiretime' não encontrada nas configurações! Valor legado utilizado. Verifique suas Definições no arquivo de configurações!
AVISO: [30/03/2018 02:17] - Valor 'typedb' não encontrada nas configurações! Valor legado utilizado. Verifique suas Definições no arquivo de configurações!
AVISO: [30/03/2018 02:18] - Valor 'sessionexpiretime' não encontrada nas configurações! Valor legado utilizado. Verifique suas Definições no arquivo de configurações!
AVISO: [30/03/2018 02:18] - Valor 'typedb' não encontrada nas configurações! Valor legado utilizado. Verifique suas Definições no arquivo de configurações!
AVISO: [30/03/2018 02:18] - Valor 'sessionexpiretime' não encontrada nas configurações! Valor legado utilizado. Verifique suas Definições no arquivo de configurações!
AVISO: [30/03/2018 02:18] - Valor 'typedb' não encontrada nas configurações! Valor legado utilizado. Verifique suas Definições no arquivo de configurações!
AVISO: [30/03/2018 02:18] - Valor 'sessionexpiretime' não encontrada nas configurações! Valor legado utilizado. Verifique suas Definições no arquivo de configurações!
AVISO: [30/03/2018 02:18] - Valor 'typedb' não encontrada nas configurações! Valor legado utilizado. Verifique suas Definições no arquivo de configurações!
AVISO: [30/03/2018 02:18] - Valor 'sessionexpiretime' não encontrada nas configurações! Valor legado utilizado. Verifique suas Definições no arquivo de configurações!
AVISO: [30/03/2018 02:18] - Valor 'typedb' não encontrada nas configurações! Valor legado utilizado. Verifique suas Definições no arquivo de configurações!
AVISO: [30/03/2018 02:18] - Valor 'sessionexpiretime' não encontrada nas configurações! Valor legado utilizado. Verifique suas Definições no arquivo de configurações!
AVISO: [30/03/2018 02:18] - Valor 'typedb' não encontrada nas configurações! Valor legado utilizado. Verifique suas Definições no arquivo de configurações!
AVISO: [30/03/2018 02:18] - Valor 'sessionexpiretime' não encontrada nas configurações! Valor legado utilizado. Verifique suas Definições no arquivo de configurações!
AVISO: [30/03/2018 02:18] - Valor 'typedb' não encontrada nas configurações! Valor legado utilizado. Verifique suas Definições no arquivo de configurações!
AVISO: [30/03/2018 02:23] - Valor 'sessionexpiretime' não encontrada nas configurações! Valor legado utilizado. Verifique suas Definições no arquivo de configurações!
AVISO: [30/03/2018 02:23] - Valor 'typedb' não encontrada nas configurações! Valor legado utilizado. Verifique suas Definições no arquivo de configurações!
AVISO: [30/03/2018 02:29] - Valor 'sessionexpiretime' não encontrada nas configurações! Valor legado utilizado. Verifique suas Definições no arquivo de configurações!
AVISO: [30/03/2018 02:29] - Valor 'typedb' não encontrada nas configurações! Valor legado utilizado. Verifique suas Definições no arquivo de configurações!
AVISO: [30/03/2018 02:29] - Valor 'sessionexpiretime' não encontrada nas configurações! Valor legado utilizado. Verifique suas Definições no arquivo de configurações!
AVISO: [30/03/2018 02:29] - Valor 'typedb' não encontrada nas configurações! Valor legado utilizado. Verifique suas Definições no arquivo de configurações!
AVISO: [30/03/2018 02:30] - Valor 'sessionexpiretime' não encontrada nas configurações! Valor legado utilizado. Verifique suas Definições no arquivo de configurações!
AVISO: [30/03/2018 02:30] - Valor 'typedb' não encontrada nas configurações! Valor legado utilizado. Verifique suas Definições no arquivo de configurações!
AVISO: [30/03/2018 02:31] - Valor 'sessionexpiretime' não encontrada nas configurações! Valor legado utilizado. Verifique suas Definições no arquivo de configurações!
AVISO: [30/03/2018 02:31] - Valor 'typedb' não encontrada nas configurações! Valor legado utilizado. Verifique suas Definições no arquivo de configurações!
AVISO: [30/03/2018 02:55] - Valor 'sessionexpiretime' não encontrada nas configurações! Valor legado utilizado. Verifique suas Definições no arquivo de configurações!
AVISO: [30/03/2018 02:55] - Valor 'typedb' não encontrada nas configurações! Valor legado utilizado. Verifique suas Definições no arquivo de configurações!
AVISO: [30/03/2018 02:55] - Valor 'sessionexpiretime' não encontrada nas configurações! Valor legado utilizado. Verifique suas Definições no arquivo de configurações!
AVISO: [30/03/2018 02:55] - Valor 'typedb' não encontrada nas configurações! Valor legado utilizado. Verifique suas Definições no arquivo de configurações!
AVISO: [30/03/2018 02:58] - Valor 'sessionexpiretime' não encontrada nas configurações! Valor legado utilizado. Verifique suas Definições no arquivo de configurações!
AVISO: [30/03/2018 02:58] - Valor 'typedb' não encontrada nas configurações! Valor legado utilizado. Verifique suas Definições no arquivo de configurações!
AVISO: [30/03/2018 03:07] - Valor 'sessionexpiretime' não encontrada nas configurações! Valor legado utilizado. Verifique suas Definições no arquivo de configurações!
AVISO: [30/03/2018 03:07] - Valor 'typedb' não encontrada nas configurações! Valor legado utilizado. Verifique suas Definições no arquivo de configurações!
AVISO: [30/03/2018 03:07] - Valor 'sessionexpiretime' não encontrada nas configurações! Valor legado utilizado. Verifique suas Definições no arquivo de configurações!
AVISO: [30/03/2018 03:07] - Valor 'typedb' não encontrada nas configurações! Valor legado utilizado. Verifique suas Definições no arquivo de configurações!
AVISO: [30/03/2018 03:07] - Valor 'sessionexpiretime' não encontrada nas configurações! Valor legado utilizado. Verifique suas Definições no arquivo de configurações!
AVISO: [30/03/2018 03:07] - Valor 'typedb' não encontrada nas configurações! Valor legado utilizado. Verifique suas Definições no arquivo de configurações!
AVISO: [30/03/2018 03:08] - Valor 'sessionexpiretime' não encontrada nas configurações! Valor legado utilizado. Verifique suas Definições no arquivo de configurações!
AVISO: [30/03/2018 03:08] - Valor 'typedb' não encontrada nas configurações! Valor legado utilizado. Verifique suas Definições no arquivo de configurações!
AVISO: [30/03/2018 03:08] - Valor 'sessionexpiretime' não encontrada nas configurações! Valor legado utilizado. Verifique suas Definições no arquivo de configurações!
AVISO: [30/03/2018 03:08] - Valor 'typedb' não encontrada nas configurações! Valor legado utilizado. Verifique suas Definições no arquivo de configurações!
AVISO: [30/03/2018 03:08] - Valor 'sessionexpiretime' não encontrada nas configurações! Valor legado utilizado. Verifique suas Definições no arquivo de configurações!
AVISO: [30/03/2018 03:08] - Valor 'typedb' não encontrada nas configurações! Valor legado utilizado. Verifique suas Definições no arquivo de configurações!
AVISO: [30/03/2018 03:11] - Valor 'sessionexpiretime' não encontrada nas configurações! Valor legado utilizado. Verifique suas Definições no arquivo de configurações!
AVISO: [30/03/2018 03:11] - Valor 'typedb' não encontrada nas configurações! Valor legado utilizado. Verifique suas Definições no arquivo de configurações!
AVISO: [30/03/2018 03:11] - Valor 'sessionexpiretime' não encontrada nas configurações! Valor legado utilizado. Verifique suas Definições no arquivo de configurações!
AVISO: [30/03/2018 03:11] - Valor 'typedb' não encontrada nas configurações! Valor legado utilizado. Verifique suas Definições no arquivo de configurações!
AVISO: [30/03/2018 03:12] - Valor 'sessionexpiretime' não encontrada nas configurações! Valor legado utilizado. Verifique suas Definições no arquivo de configurações!
AVISO: [30/03/2018 03:12] - Valor 'typedb' não encontrada nas configurações! Valor legado utilizado. Verifique suas Definições no arquivo de configurações!
AVISO: [30/03/2018 03:12] - Valor 'sessionexpiretime' não encontrada nas configurações! Valor legado utilizado. Verifique suas Definições no arquivo de configurações!
AVISO: [30/03/2018 03:12] - Valor 'typedb' não encontrada nas configurações! Valor legado utilizado. Verifique suas Definições no arquivo de configurações!
AVISO: [30/03/2018 03:13] - Valor 'sessionexpiretime' não encontrada nas configurações! Valor legado utilizado. Verifique suas Definições no arquivo de configurações!
AVISO: [30/03/2018 03:13] - Valor 'typedb' não encontrada nas configurações! Valor legado utilizado. Verifique suas Definições no arquivo de configurações!
AVISO: [30/03/2018 03:13] - Valor 'sessionexpiretime' não encontrada nas configurações! Valor legado utilizado. Verifique suas Definições no arquivo de configurações!
AVISO: [30/03/2018 03:13] - Valor 'typedb' não encontrada nas configurações! Valor legado utilizado. Verifique suas Definições no arquivo de configurações!
AVISO: [30/03/2018 03:14] - Valor 'sessionexpiretime' não encontrada nas configurações! Valor legado utilizado. Verifique suas Definições no arquivo de configurações!
AVISO: [30/03/2018 03:14] - Valor 'typedb' não encontrada nas configurações! Valor legado utilizado. Verifique suas Definições no arquivo de configurações!
AVISO: [30/03/2018 03:14] - Valor 'sessionexpiretime' não encontrada nas configurações! Valor legado utilizado. Verifique suas Definições no arquivo de configurações!
AVISO: [30/03/2018 03:14] - Valor 'typedb' não encontrada nas configurações! Valor legado utilizado. Verifique suas Definições no arquivo de configurações!
AVISO: [30/03/2018 03:14] - Valor 'sessionexpiretime' não encontrada nas configurações! Valor legado utilizado. Verifique suas Definições no arquivo de configurações!
AVISO: [30/03/2018 03:14] - Valor 'typedb' não encontrada nas configurações! Valor legado utilizado. Verifique suas Definições no arquivo de configurações!
AVISO: [30/03/2018 03:14] - Valor 'sessionexpiretime' não encontrada nas configurações! Valor legado utilizado. Verifique suas Definições no arquivo de configurações!
AVISO: [30/03/2018 03:14] - Valor 'typedb' não encontrada nas configurações! Valor legado utilizado. Verifique suas Definições no arquivo de configurações!
AVISO: [30/03/2018 03:14] - Valor 'sessionexpiretime' não encontrada nas configurações! Valor legado utilizado. Verifique suas Definições no arquivo de configurações!
AVISO: [30/03/2018 03:14] - Valor 'typedb' não encontrada nas configurações! Valor legado utilizado. Verifique suas Definições no arquivo de configurações!
AVISO: [30/03/2018 03:15] - Valor 'sessionexpiretime' não encontrada nas configurações! Valor legado utilizado. Verifique suas Definições no arquivo de configurações!
AVISO: [30/03/2018 03:15] - Valor 'typedb' não encontrada nas configurações! Valor legado utilizado. Verifique suas Definições no arquivo de configurações!
AVISO: [30/03/2018 03:15] - Valor 'sessionexpiretime' não encontrada nas configurações! Valor legado utilizado. Verifique suas Definições no arquivo de configurações!
AVISO: [30/03/2018 03:15] - Valor 'typedb' não encontrada nas configurações! Valor legado utilizado. Verifique suas Definições no arquivo de configurações!
AVISO: [30/03/2018 03:15] - Valor 'sessionexpiretime' não encontrada nas configurações! Valor legado utilizado. Verifique suas Definições no arquivo de configurações!
AVISO: [30/03/2018 03:15] - Valor 'typedb' não encontrada nas configurações! Valor legado utilizado. Verifique suas Definições no arquivo de configurações!
AVISO: [30/03/2018 03:17] - Valor 'sessionexpiretime' não encontrada nas configurações! Valor legado utilizado. Verifique suas Definições no arquivo de configurações!
AVISO: [30/03/2018 03:17] - Valor 'typedb' não encontrada nas configurações! Valor legado utilizado. Verifique suas Definições no arquivo de configurações!
AVISO: [30/03/2018 03:17] - Valor 'sessionexpiretime' não encontrada nas configurações! Valor legado utilizado. Verifique suas Definições no arquivo de configurações!
AVISO: [30/03/2018 03:17] - Valor 'typedb' não encontrada nas configurações! Valor legado utilizado. Verifique suas Definições no arquivo de configurações!
AVISO: [30/03/2018 03:18] - Valor 'sessionexpiretime' não encontrada nas configurações! Valor legado utilizado. Verifique suas Definições no arquivo de configurações!
AVISO: [30/03/2018 03:18] - Valor 'typedb' não encontrada nas configurações! Valor legado utilizado. Verifique suas Definições no arquivo de configurações!
AVISO: [30/03/2018 03:18] - Valor 'sessionexpiretime' não encontrada nas configurações! Valor legado utilizado. Verifique suas Definições no arquivo de configurações!
AVISO: [30/03/2018 03:18] - Valor 'typedb' não encontrada nas configurações! Valor legado utilizado. Verifique suas Definições no arquivo de configurações!
AVISO: [30/03/2018 03:19] - Valor 'sessionexpiretime' não encontrada nas configurações! Valor legado utilizado. Verifique suas Definições no arquivo de configurações!
AVISO: [30/03/2018 03:19] - Valor 'typedb' não encontrada nas configurações! Valor legado utilizado. Verifique suas Definições no arquivo de configurações!
AVISO: [30/03/2018 03:19] - Valor 'sessionexpiretime' não encontrada nas configurações! Valor legado utilizado. Verifique suas Definições no arquivo de configurações!
AVISO: [30/03/2018 03:19] - Valor 'typedb' não encontrada nas configurações! Valor legado utilizado. Verifique suas Definições no arquivo de configurações!
AVISO: [30/03/2018 03:21] - Valor 'sessionexpiretime' não encontrada nas configurações! Valor legado utilizado. Verifique suas Definições no arquivo de configurações!
AVISO: [30/03/2018 03:21] - Valor 'typedb' não encontrada nas configurações! Valor legado utilizado. Verifique suas Definições no arquivo de configurações!
AVISO: [30/03/2018 03:21] - Valor 'sessionexpiretime' não encontrada nas configurações! Valor legado utilizado. Verifique suas Definições no arquivo de configurações!
AVISO: [30/03/2018 03:21] - Valor 'typedb' não encontrada nas configurações! Valor legado utilizado. Verifique suas Definições no arquivo de configurações!
AVISO: [30/03/2018 03:25] - Valor 'sessionexpiretime' não encontrada nas configurações! Valor legado utilizado. Verifique suas Definições no arquivo de configurações!
AVISO: [30/03/2018 03:25] - Valor 'typedb' não encontrada nas configurações! Valor legado utilizado. Verifique suas Definições no arquivo de configurações!
AVISO: [30/03/2018 03:25] - Valor 'sessionexpiretime' não encontrada nas configurações! Valor legado utilizado. Verifique suas Definições no arquivo de configurações!
AVISO: [30/03/2018 03:25] - Valor 'typedb' não encontrada nas configurações! Valor legado utilizado. Verifique suas Definições no arquivo de configurações!
AVISO: [30/03/2018 03:29] - Valor 'sessionexpiretime' não encontrada nas configurações! Valor legado utilizado. Verifique suas Definições no arquivo de configurações!
AVISO: [30/03/2018 03:29] - Valor 'typedb' não encontrada nas configurações! Valor legado utilizado. Verifique suas Definições no arquivo de configurações!
AVISO: [30/03/2018 03:29] - Valor 'sessionexpiretime' não encontrada nas configurações! Valor legado utilizado. Verifique suas Definições no arquivo de configurações!
AVISO: [30/03/2018 03:29] - Valor 'typedb' não encontrada nas configurações! Valor legado utilizado. Verifique suas Definições no arquivo de configurações!
AVISO: [30/03/2018 03:30] - Valor 'sessionexpiretime' não encontrada nas configurações! Valor legado utilizado. Verifique suas Definições no arquivo de configurações!
AVISO: [30/03/2018 03:30] - Valor 'typedb' não encontrada nas configurações! Valor legado utilizado. Verifique suas Definições no arquivo de configurações!
AVISO: [30/03/2018 03:30] - Valor 'sessionexpiretime' não encontrada nas configurações! Valor legado utilizado. Verifique suas Definições no arquivo de configurações!
AVISO: [30/03/2018 03:30] - Valor 'typedb' não encontrada nas configurações! Valor legado utilizado. Verifique suas Definições no arquivo de configurações!
AVISO: [30/03/2018 03:31] - Valor 'sessionexpiretime' não encontrada nas configurações! Valor legado utilizado. Verifique suas Definições no arquivo de configurações!
AVISO: [30/03/2018 03:31] - Valor 'typedb' não encontrada nas configurações! Valor legado utilizado. Verifique suas Definições no arquivo de configurações!
AVISO: [30/03/2018 03:31] - Valor 'sessionexpiretime' não encontrada nas configurações! Valor legado utilizado. Verifique suas Definições no arquivo de configurações!
AVISO: [30/03/2018 03:31] - Valor 'typedb' não encontrada nas configurações! Valor legado utilizado. Verifique suas Definições no arquivo de configurações!
AVISO: [30/03/2018 03:33] - Valor 'sessionexpiretime' não encontrada nas configurações! Valor legado utilizado. Verifique suas Definições no arquivo de configurações!
AVISO: [30/03/2018 03:33] - Valor 'typedb' não encontrada nas configurações! Valor legado utilizado. Verifique suas Definições no arquivo de configurações!
AVISO: [30/03/2018 03:33] - Valor 'sessionexpiretime' não encontrada nas configurações! Valor legado utilizado. Verifique suas Definições no arquivo de configurações!
AVISO: [30/03/2018 03:33] - Valor 'typedb' não encontrada nas configurações! Valor legado utilizado. Verifique suas Definições no arquivo de configurações!
AVISO: [30/03/2018 03:34] - Valor 'sessionexpiretime' não encontrada nas configurações! Valor legado utilizado. Verifique suas Definições no arquivo de configurações!
AVISO: [30/03/2018 03:34] - Valor 'typedb' não encontrada nas configurações! Valor legado utilizado. Verifique suas Definições no arquivo de configurações!
AVISO: [30/03/2018 03:35] - Valor 'sessionexpiretime' não encontrada nas configurações! Valor legado utilizado. Verifique suas Definições no arquivo de configurações!
AVISO: [30/03/2018 03:35] - Valor 'typedb' não encontrada nas configurações! Valor legado utilizado. Verifique suas Definições no arquivo de configurações!
AVISO: [30/03/2018 03:39] - Valor 'sessionexpiretime' não encontrada nas configurações! Valor legado utilizado. Verifique suas Definições no arquivo de configurações!
AVISO: [30/03/2018 03:39] - Valor 'typedb' não encontrada nas configurações! Valor legado utilizado. Verifique suas Definições no arquivo de configurações!
AVISO: [30/03/2018 03:41] - Valor 'sessionexpiretime' não encontrada nas configurações! Valor legado utilizado. Verifique suas Definições no arquivo de configurações!
AVISO: [30/03/2018 03:41] - Valor 'typedb' não encontrada nas configurações! Valor legado utilizado. Verifique suas Definições no arquivo de configurações!
AVISO: [30/03/2018 03:41] - Valor 'sessionexpiretime' não encontrada nas configurações! Valor legado utilizado. Verifique suas Definições no arquivo de configurações!
AVISO: [30/03/2018 03:41] - Valor 'typedb' não encontrada nas configurações! Valor legado utilizado. Verifique suas Definições no arquivo de configurações!
AVISO: [30/03/2018 03:44] - Valor 'sessionexpiretime' não encontrada nas configurações! Valor legado utilizado. Verifique suas Definições no arquivo de configurações!
AVISO: [30/03/2018 03:44] - Valor 'typedb' não encontrada nas configurações! Valor legado utilizado. Verifique suas Definições no arquivo de configurações!
AVISO: [30/03/2018 03:44] - Valor 'sessionexpiretime' não encontrada nas configurações! Valor legado utilizado. Verifique suas Definições no arquivo de configurações!
AVISO: [30/03/2018 03:44] - Valor 'typedb' não encontrada nas configurações! Valor legado utilizado. Verifique suas Definições no arquivo de configurações!
AVISO: [30/03/2018 03:45] - Valor 'sessionexpiretime' não encontrada nas configurações! Valor legado utilizado. Verifique suas Definições no arquivo de configurações!
AVISO: [30/03/2018 03:45] - Valor 'typedb' não encontrada nas configurações! Valor legado utilizado. Verifique suas Definições no arquivo de configurações!
AVISO: [30/03/2018 03:45] - Valor 'sessionexpiretime' não encontrada nas configurações! Valor legado utilizado. Verifique suas Definições no arquivo de configurações!
AVISO: [30/03/2018 03:45] - Valor 'typedb' não encontrada nas configurações! Valor legado utilizado. Verifique suas Definições no arquivo de configurações!
AVISO: [30/03/2018 03:45] - Valor 'sessionexpiretime' não encontrada nas configurações! Valor legado utilizado. Verifique suas Definições no arquivo de configurações!
AVISO: [30/03/2018 03:45] - Valor 'typedb' não encontrada nas configurações! Valor legado utilizado. Verifique suas Definições no arquivo de configurações!
AVISO: [30/03/2018 03:46] - Valor 'sessionexpiretime' não encontrada nas configurações! Valor legado utilizado. Verifique suas Definições no arquivo de configurações!
AVISO: [30/03/2018 03:46] - Valor 'typedb' não encontrada nas configurações! Valor legado utilizado. Verifique suas Definições no arquivo de configurações!
AVISO: [30/03/2018 03:46] - Valor 'sessionexpiretime' não encontrada nas configurações! Valor legado utilizado. Verifique suas Definições no arquivo de configurações!
AVISO: [30/03/2018 03:46] - Valor 'typedb' não encontrada nas configurações! Valor legado utilizado. Verifique suas Definições no arquivo de configurações!
AVISO: [30/03/2018 03:48] - Valor 'sessionexpiretime' não encontrada nas configurações! Valor legado utilizado. Verifique suas Definições no arquivo de configurações!
AVISO: [30/03/2018 03:48] - Valor 'typedb' não encontrada nas configurações! Valor legado utilizado. Verifique suas Definições no arquivo de configurações!
AVISO: [30/03/2018 03:49] - Valor 'sessionexpiretime' não encontrada nas configurações! Valor legado utilizado. Verifique suas Definições no arquivo de configurações!
AVISO: [30/03/2018 03:49] - Valor 'typedb' não encontrada nas configurações! Valor legado utilizado. Verifique suas Definições no arquivo de configurações!
AVISO: [30/03/2018 03:49] - Valor 'sessionexpiretime' não encontrada nas configurações! Valor legado utilizado. Verifique suas Definições no arquivo de configurações!
AVISO: [30/03/2018 03:49] - Valor 'typedb' não encontrada nas configurações! Valor legado utilizado. Verifique suas Definições no arquivo de configurações!
AVISO: [30/03/2018 03:49] - Valor 'sessionexpiretime' não encontrada nas configurações! Valor legado utilizado. Verifique suas Definições no arquivo de configurações!
AVISO: [30/03/2018 03:49] - Valor 'typedb' não encontrada nas configurações! Valor legado utilizado. Verifique suas Definições no arquivo de configurações!
AVISO: [30/03/2018 03:53] - Valor 'sessionexpiretime' não encontrada nas configurações! Valor legado utilizado. Verifique suas Definições no arquivo de configurações!
AVISO: [30/03/2018 03:53] - Valor 'typedb' não encontrada nas configurações! Valor legado utilizado. Verifique suas Definições no arquivo de configurações!
AVISO: [30/03/2018 03:53] - Valor 'sessionexpiretime' não encontrada nas configurações! Valor legado utilizado. Verifique suas Definições no arquivo de configurações!
AVISO: [30/03/2018 03:53] - Valor 'typedb' não encontrada nas configurações! Valor legado utilizado. Verifique suas Definições no arquivo de configurações!
AVISO: [30/03/2018 04:04] - Valor 'sessionexpiretime' não encontrada nas configurações! Valor legado utilizado. Verifique suas Definições no arquivo de configurações!
AVISO: [30/03/2018 04:04] - Valor 'typedb' não encontrada nas configurações! Valor legado utilizado. Verifique suas Definições no arquivo de configurações!
AVISO: [30/03/2018 04:04] - Valor 'sessionexpiretime' não encontrada nas configurações! Valor legado utilizado. Verifique suas Definições no arquivo de configurações!
AVISO: [30/03/2018 04:04] - Valor 'typedb' não encontrada nas configurações! Valor legado utilizado. Verifique suas Definições no arquivo de configurações!
AVISO: [30/03/2018 04:05] - Valor 'sessionexpiretime' não encontrada nas configurações! Valor legado utilizado. Verifique suas Definições no arquivo de configurações!
AVISO: [30/03/2018 04:05] - Valor 'typedb' não encontrada nas configurações! Valor legado utilizado. Verifique suas Definições no arquivo de configurações!
AVISO: [30/03/2018 04:05] - Valor 'sessionexpiretime' não encontrada nas configurações! Valor legado utilizado. Verifique suas Definições no arquivo de configurações!
AVISO: [30/03/2018 04:05] - Valor 'typedb' não encontrada nas configurações! Valor legado utilizado. Verifique suas Definições no arquivo de configurações!
AVISO: [30/03/2018 04:05] - Valor 'sessionexpiretime' não encontrada nas configurações! Valor legado utilizado. Verifique suas Definições no arquivo de configurações!
AVISO: [30/03/2018 04:05] - Valor 'typedb' não encontrada nas configurações! Valor legado utilizado. Verifique suas Definições no arquivo de configurações!
AVISO: [30/03/2018 04:06] - Valor 'sessionexpiretime' não encontrada nas configurações! Valor legado utilizado. Verifique suas Definições no arquivo de configurações!
AVISO: [30/03/2018 04:06] - Valor 'typedb' não encontrada nas configurações! Valor legado utilizado. Verifique suas Definições no arquivo de configurações!
AVISO: [30/03/2018 04:06] - Valor 'sessionexpiretime' não encontrada nas configurações! Valor legado utilizado. Verifique suas Definições no arquivo de configurações!
AVISO: [30/03/2018 04:06] - Valor 'typedb' não encontrada nas configurações! Valor legado utilizado. Verifique suas Definições no arquivo de configurações!
AVISO: [30/03/2018 04:06] - Valor 'sessionexpiretime' não encontrada nas configurações! Valor legado utilizado. Verifique suas Definições no arquivo de configurações!
AVISO: [30/03/2018 04:06] - Valor 'typedb' não encontrada nas configurações! Valor legado utilizado. Verifique suas Definições no arquivo de configurações!
AVISO: [30/03/2018 04:06] - Valor 'sessionexpiretime' não encontrada nas configurações! Valor legado utilizado. Verifique suas Definições no arquivo de configurações!
AVISO: [30/03/2018 04:06] - Valor 'typedb' não encontrada nas configurações! Valor legado utilizado. Verifique suas Definições no arquivo de configurações!
AVISO: [30/03/2018 04:06] - Valor 'sessionexpiretime' não encontrada nas configurações! Valor legado utilizado. Verifique suas Definições no arquivo de configurações!
AVISO: [30/03/2018 04:06] - Valor 'typedb' não encontrada nas configurações! Valor legado utilizado. Verifique suas Definições no arquivo de configurações!
AVISO: [30/03/2018 04:06] - Valor 'sessionexpiretime' não encontrada nas configurações! Valor legado utilizado. Verifique suas Definições no arquivo de configurações!
AVISO: [30/03/2018 04:06] - Valor 'typedb' não encontrada nas configurações! Valor legado utilizado. Verifique suas Definições no arquivo de configurações!
AVISO: [30/03/2018 04:07] - Valor 'sessionexpiretime' não encontrada nas configurações! Valor legado utilizado. Verifique suas Definições no arquivo de configurações!
AVISO: [30/03/2018 04:07] - Valor 'typedb' não encontrada nas configurações! Valor legado utilizado. Verifique suas Definições no arquivo de configurações!
AVISO: [30/03/2018 04:07] - Valor 'sessionexpiretime' não encontrada nas configurações! Valor legado utilizado. Verifique suas Definições no arquivo de configurações!
AVISO: [30/03/2018 04:07] - Valor 'typedb' não encontrada nas configurações! Valor legado utilizado. Verifique suas Definições no arquivo de configurações!
AVISO: [30/03/2018 04:08] - Valor 'sessionexpiretime' não encontrada nas configurações! Valor legado utilizado. Verifique suas Definições no arquivo de configurações!
AVISO: [30/03/2018 04:08] - Valor 'typedb' não encontrada nas configurações! Valor legado utilizado. Verifique suas Definições no arquivo de configurações!
AVISO: [30/03/2018 04:08] - Valor 'sessionexpiretime' não encontrada nas configurações! Valor legado utilizado. Verifique suas Definições no arquivo de configurações!
AVISO: [30/03/2018 04:08] - Valor 'typedb' não encontrada nas configurações! Valor legado utilizado. Verifique suas Definições no arquivo de configurações!
AVISO: [30/03/2018 04:08] - Valor 'sessionexpiretime' não encontrada nas configurações! Valor legado utilizado. Verifique suas Definições no arquivo de configurações!
AVISO: [30/03/2018 04:08] - Valor 'typedb' não encontrada nas configurações! Valor legado utilizado. Verifique suas Definições no arquivo de configurações!
AVISO: [30/03/2018 04:08] - Valor 'sessionexpiretime' não encontrada nas configurações! Valor legado utilizado. Verifique suas Definições no arquivo de configurações!
AVISO: [30/03/2018 04:08] - Valor 'typedb' não encontrada nas configurações! Valor legado utilizado. Verifique suas Definições no arquivo de configurações!
AVISO: [30/03/2018 04:12] - Valor 'sessionexpiretime' não encontrada nas configurações! Valor legado utilizado. Verifique suas Definições no arquivo de configurações!
AVISO: [30/03/2018 04:12] - Valor 'typedb' não encontrada nas configurações! Valor legado utilizado. Verifique suas Definições no arquivo de configurações!
AVISO: [30/03/2018 04:12] - Valor 'sessionexpiretime' não encontrada nas configurações! Valor legado utilizado. Verifique suas Definições no arquivo de configurações!
AVISO: [30/03/2018 04:12] - Valor 'typedb' não encontrada nas configurações! Valor legado utilizado. Verifique suas Definições no arquivo de configurações!
AVISO: [30/03/2018 04:12] - Valor 'sessionexpiretime' não encontrada nas configurações! Valor legado utilizado. Verifique suas Definições no arquivo de configurações!
AVISO: [30/03/2018 04:12] - Valor 'typedb' não encontrada nas configurações! Valor legado utilizado. Verifique suas Definições no arquivo de configurações!
AVISO: [30/03/2018 04:12] - Valor 'sessionexpiretime' não encontrada nas configurações! Valor legado utilizado. Verifique suas Definições no arquivo de configurações!
AVISO: [30/03/2018 04:12] - Valor 'typedb' não encontrada nas configurações! Valor legado utilizado. Verifique suas Definições no arquivo de configurações!
AVISO: [30/03/2018 04:13] - Valor 'sessionexpiretime' não encontrada nas configurações! Valor legado utilizado. Verifique suas Definições no arquivo de configurações!
AVISO: [30/03/2018 04:13] - Valor 'typedb' não encontrada nas configurações! Valor legado utilizado. Verifique suas Definições no arquivo de configurações!
AVISO: [30/03/2018 04:13] - Valor 'sessionexpiretime' não encontrada nas configurações! Valor legado utilizado. Verifique suas Definições no arquivo de configurações!
AVISO: [30/03/2018 04:13] - Valor 'typedb' não encontrada nas configurações! Valor legado utilizado. Verifique suas Definições no arquivo de configurações!
AVISO: [30/03/2018 04:14] - Valor 'sessionexpiretime' não encontrada nas configurações! Valor legado utilizado. Verifique suas Definições no arquivo de configurações!
AVISO: [30/03/2018 04:14] - Valor 'typedb' não encontrada nas configurações! Valor legado utilizado. Verifique suas Definições no arquivo de configurações!
AVISO: [30/03/2018 04:14] - Valor 'sessionexpiretime' não encontrada nas configurações! Valor legado utilizado. Verifique suas Definições no arquivo de configurações!
AVISO: [30/03/2018 04:14] - Valor 'typedb' não encontrada nas configurações! Valor legado utilizado. Verifique suas Definições no arquivo de configurações!
AVISO: [30/03/2018 04:14] - Valor 'sessionexpiretime' não encontrada nas configurações! Valor legado utilizado. Verifique suas Definições no arquivo de configurações!
AVISO: [30/03/2018 04:14] - Valor 'typedb' não encontrada nas configurações! Valor legado utilizado. Verifique suas Definições no arquivo de configurações!
AVISO: [30/03/2018 04:14] - Valor 'sessionexpiretime' não encontrada nas configurações! Valor legado utilizado. Verifique suas Definições no arquivo de configurações!
AVISO: [30/03/2018 04:14] - Valor 'typedb' não encontrada nas configurações! Valor legado utilizado. Verifique suas Definições no arquivo de configurações!
AVISO: [30/03/2018 04:15] - Valor 'sessionexpiretime' não encontrada nas configurações! Valor legado utilizado. Verifique suas Definições no arquivo de configurações!
AVISO: [30/03/2018 04:15] - Valor 'typedb' não encontrada nas configurações! Valor legado utilizado. Verifique suas Definições no arquivo de configurações!
AVISO: [30/03/2018 04:15] - Valor 'sessionexpiretime' não encontrada nas configurações! Valor legado utilizado. Verifique suas Definições no arquivo de configurações!
AVISO: [30/03/2018 04:15] - Valor 'typedb' não encontrada nas configurações! Valor legado utilizado. Verifique suas Definições no arquivo de configurações!
AVISO: [30/03/2018 04:15] - Valor 'sessionexpiretime' não encontrada nas configurações! Valor legado utilizado. Verifique suas Definições no arquivo de configurações!
AVISO: [30/03/2018 04:15] - Valor 'typedb' não encontrada nas configurações! Valor legado utilizado. Verifique suas Definições no arquivo de configurações!
AVISO: [30/03/2018 04:15] - Valor 'sessionexpiretime' não encontrada nas configurações! Valor legado utilizado. Verifique suas Definições no arquivo de configurações!
AVISO: [30/03/2018 04:15] - Valor 'typedb' não encontrada nas configurações! Valor legado utilizado. Verifique suas Definições no arquivo de configurações!
AVISO: [30/03/2018 04:15] - Valor 'sessionexpiretime' não encontrada nas configurações! Valor legado utilizado. Verifique suas Definições no arquivo de configurações!
AVISO: [30/03/2018 04:15] - Valor 'typedb' não encontrada nas configurações! Valor legado utilizado. Verifique suas Definições no arquivo de configurações!
AVISO: [30/03/2018 04:15] - Valor 'sessionexpiretime' não encontrada nas configurações! Valor legado utilizado. Verifique suas Definições no arquivo de configurações!
AVISO: [30/03/2018 04:15] - Valor 'typedb' não encontrada nas configurações! Valor legado utilizado. Verifique suas Definições no arquivo de configurações!
AVISO: [30/03/2018 04:16] - Valor 'sessionexpiretime' não encontrada nas configurações! Valor legado utilizado. Verifique suas Definições no arquivo de configurações!
AVISO: [30/03/2018 04:16] - Valor 'typedb' não encontrada nas configurações! Valor legado utilizado. Verifique suas Definições no arquivo de configurações!
AVISO: [30/03/2018 04:16] - Valor 'sessionexpiretime' não encontrada nas configurações! Valor legado utilizado. Verifique suas Definições no arquivo de configurações!
AVISO: [30/03/2018 04:16] - Valor 'typedb' não encontrada nas configurações! Valor legado utilizado. Verifique suas Definições no arquivo de configurações!
AVISO: [30/03/2018 04:17] - Valor 'sessionexpiretime' não encontrada nas configurações! Valor legado utilizado. Verifique suas Definições no arquivo de configurações!
AVISO: [30/03/2018 04:17] - Valor 'typedb' não encontrada nas configurações! Valor legado utilizado. Verifique suas Definições no arquivo de configurações!
AVISO: [30/03/2018 04:17] - Valor 'sessionexpiretime' não encontrada nas configurações! Valor legado utilizado. Verifique suas Definições no arquivo de configurações!
AVISO: [30/03/2018 04:17] - Valor 'typedb' não encontrada nas configurações! Valor legado utilizado. Verifique suas Definições no arquivo de configurações!
AVISO: [30/03/2018 04:18] - Valor 'sessionexpiretime' não encontrada nas configurações! Valor legado utilizado. Verifique suas Definições no arquivo de configurações!
AVISO: [30/03/2018 04:18] - Valor 'typedb' não encontrada nas configurações! Valor legado utilizado. Verifique suas Definições no arquivo de configurações!
AVISO: [30/03/2018 04:18] - Valor 'sessionexpiretime' não encontrada nas configurações! Valor legado utilizado. Verifique suas Definições no arquivo de configurações!
AVISO: [30/03/2018 04:18] - Valor 'typedb' não encontrada nas configurações! Valor legado utilizado. Verifique suas Definições no arquivo de configurações!
AVISO: [30/03/2018 04:18] - Valor 'sessionexpiretime' não encontrada nas configurações! Valor legado utilizado. Verifique suas Definições no arquivo de configurações!
AVISO: [30/03/2018 04:18] - Valor 'typedb' não encontrada nas configurações! Valor legado utilizado. Verifique suas Definições no arquivo de configurações!
AVISO: [30/03/2018 04:18] - Valor 'sessionexpiretime' não encontrada nas configurações! Valor legado utilizado. Verifique suas Definições no arquivo de configurações!
AVISO: [30/03/2018 04:18] - Valor 'typedb' não encontrada nas configurações! Valor legado utilizado. Verifique suas Definições no arquivo de configurações!
AVISO: [30/03/2018 04:19] - Valor 'sessionexpiretime' não encontrada nas configurações! Valor legado utilizado. Verifique suas Definições no arquivo de configurações!
AVISO: [30/03/2018 04:19] - Valor 'typedb' não encontrada nas configurações! Valor legado utilizado. Verifique suas Definições no arquivo de configurações!
AVISO: [30/03/2018 04:19] - Valor 'sessionexpiretime' não encontrada nas configurações! Valor legado utilizado. Verifique suas Definições no arquivo de configurações!
AVISO: [30/03/2018 04:19] - Valor 'typedb' não encontrada nas configurações! Valor legado utilizado. Verifique suas Definições no arquivo de configurações!
AVISO: [30/03/2018 04:19] - Valor 'sessionexpiretime' não encontrada nas configurações! Valor legado utilizado. Verifique suas Definições no arquivo de configurações!
AVISO: [30/03/2018 04:19] - Valor 'typedb' não encontrada nas configurações! Valor legado utilizado. Verifique suas Definições no arquivo de configurações!
AVISO: [30/03/2018 04:19] - Valor 'sessionexpiretime' não encontrada nas configurações! Valor legado utilizado. Verifique suas Definições no arquivo de configurações!
AVISO: [30/03/2018 04:19] - Valor 'typedb' não encontrada nas configurações! Valor legado utilizado. Verifique suas Definições no arquivo de configurações!
AVISO: [30/03/2018 04:20] - Valor 'sessionexpiretime' não encontrada nas configurações! Valor legado utilizado. Verifique suas Definições no arquivo de configurações!
AVISO: [30/03/2018 04:20] - Valor 'typedb' não encontrada nas configurações! Valor legado utilizado. Verifique suas Definições no arquivo de configurações!
AVISO: [30/03/2018 04:20] - Valor 'sessionexpiretime' não encontrada nas configurações! Valor legado utilizado. Verifique suas Definições no arquivo de configurações!
AVISO: [30/03/2018 04:20] - Valor 'typedb' não encontrada nas configurações! Valor legado utilizado. Verifique suas Definições no arquivo de configurações!
AVISO: [30/03/2018 04:20] - Valor 'sessionexpiretime' não encontrada nas configurações! Valor legado utilizado. Verifique suas Definições no arquivo de configurações!
AVISO: [30/03/2018 04:20] - Valor 'typedb' não encontrada nas configurações! Valor legado utilizado. Verifique suas Definições no arquivo de configurações!
AVISO: [30/03/2018 04:20] - Valor 'sessionexpiretime' não encontrada nas configurações! Valor legado utilizado. Verifique suas Definições no arquivo de configurações!
AVISO: [30/03/2018 04:20] - Valor 'typedb' não encontrada nas configurações! Valor legado utilizado. Verifique suas Definições no arquivo de configurações!
AVISO: [30/03/2018 04:20] - Valor 'sessionexpiretime' não encontrada nas configurações! Valor legado utilizado. Verifique suas Definições no arquivo de configurações!
AVISO: [30/03/2018 04:20] - Valor 'typedb' não encontrada nas configurações! Valor legado utilizado. Verifique suas Definições no arquivo de configurações!
AVISO: [30/03/2018 04:20] - Valor 'sessionexpiretime' não encontrada nas configurações! Valor legado utilizado. Verifique suas Definições no arquivo de configurações!
AVISO: [30/03/2018 04:20] - Valor 'typedb' não encontrada nas configurações! Valor legado utilizado. Verifique suas Definições no arquivo de configurações!
AVISO: [30/03/2018 04:20] - Valor 'sessionexpiretime' não encontrada nas configurações! Valor legado utilizado. Verifique suas Definições no arquivo de configurações!
AVISO: [30/03/2018 04:20] - Valor 'typedb' não encontrada nas configurações! Valor legado utilizado. Verifique suas Definições no arquivo de configurações!
AVISO: [30/03/2018 04:20] - Valor 'sessionexpiretime' não encontrada nas configurações! Valor legado utilizado. Verifique suas Definições no arquivo de configurações!
AVISO: [30/03/2018 04:20] - Valor 'typedb' não encontrada nas configurações! Valor legado utilizado. Verifique suas Definições no arquivo de configurações!
AVISO: [30/03/2018 04:20] - Valor 'sessionexpiretime' não encontrada nas configurações! Valor legado utilizado. Verifique suas Definições no arquivo de configurações!
AVISO: [30/03/2018 04:20] - Valor 'typedb' não encontrada nas configurações! Valor legado utilizado. Verifique suas Definições no arquivo de configurações!
AVISO: [30/03/2018 04:20] - Valor 'sessionexpiretime' não encontrada nas configurações! Valor legado utilizado. Verifique suas Definições no arquivo de configurações!
AVISO: [30/03/2018 04:20] - Valor 'typedb' não encontrada nas configurações! Valor legado utilizado. Verifique suas Definições no arquivo de configurações!
AVISO: [30/03/2018 04:21] - Valor 'sessionexpiretime' não encontrada nas configurações! Valor legado utilizado. Verifique suas Definições no arquivo de configurações!
AVISO: [30/03/2018 04:21] - Valor 'typedb' não encontrada nas configurações! Valor legado utilizado. Verifique suas Definições no arquivo de configurações!
AVISO: [30/03/2018 04:21] - Valor 'sessionexpiretime' não encontrada nas configurações! Valor legado utilizado. Verifique suas Definições no arquivo de configurações!
AVISO: [30/03/2018 04:21] - Valor 'typedb' não encontrada nas configurações! Valor legado utilizado. Verifique suas Definições no arquivo de configurações!
AVISO: [30/03/2018 04:22] - Valor 'sessionexpiretime' não encontrada nas configurações! Valor legado utilizado. Verifique suas Definições no arquivo de configurações!
AVISO: [30/03/2018 04:22] - Valor 'typedb' não encontrada nas configurações! Valor legado utilizado. Verifique suas Definições no arquivo de configurações!
AVISO: [30/03/2018 04:22] - Valor 'sessionexpiretime' não encontrada nas configurações! Valor legado utilizado. Verifique suas Definições no arquivo de configurações!
AVISO: [30/03/2018 04:22] - Valor 'typedb' não encontrada nas configurações! Valor legado utilizado. Verifique suas Definições no arquivo de configurações!
AVISO: [30/03/2018 04:22] - Valor 'sessionexpiretime' não encontrada nas configurações! Valor legado utilizado. Verifique suas Definições no arquivo de configurações!
AVISO: [30/03/2018 04:22] - Valor 'typedb' não encontrada nas configurações! Valor legado utilizado. Verifique suas Definições no arquivo de configurações!
AVISO: [30/03/2018 04:23] - Valor 'sessionexpiretime' não encontrada nas configurações! Valor legado utilizado. Verifique suas Definições no arquivo de configurações!
AVISO: [30/03/2018 04:23] - Valor 'typedb' não encontrada nas configurações! Valor legado utilizado. Verifique suas Definições no arquivo de configurações!
AVISO: [30/03/2018 04:23] - Valor 'sessionexpiretime' não encontrada nas configurações! Valor legado utilizado. Verifique suas Definições no arquivo de configurações!
AVISO: [30/03/2018 04:23] - Valor 'typedb' não encontrada nas configurações! Valor legado utilizado. Verifique suas Definições no arquivo de configurações!
AVISO: [30/03/2018 04:23] - Valor 'sessionexpiretime' não encontrada nas configurações! Valor legado utilizado. Verifique suas Definições no arquivo de configurações!
AVISO: [30/03/2018 04:23] - Valor 'typedb' não encontrada nas configurações! Valor legado utilizado. Verifique suas Definições no arquivo de configurações!
AVISO: [30/03/2018 04:24] - Valor 'sessionexpiretime' não encontrada nas configurações! Valor legado utilizado. Verifique suas Definições no arquivo de configurações!
AVISO: [30/03/2018 04:24] - Valor 'typedb' não encontrada nas configurações! Valor legado utilizado. Verifique suas Definições no arquivo de configurações!
AVISO: [30/03/2018 04:24] - Valor 'sessionexpiretime' não encontrada nas configurações! Valor legado utilizado. Verifique suas Definições no arquivo de configurações!
AVISO: [30/03/2018 04:24] - Valor 'typedb' não encontrada nas configurações! Valor legado utilizado. Verifique suas Definições no arquivo de configurações!
AVISO: [30/03/2018 04:25] - Valor 'sessionexpiretime' não encontrada nas configurações! Valor legado utilizado. Verifique suas Definições no arquivo de configurações!
AVISO: [30/03/2018 04:25] - Valor 'typedb' não encontrada nas configurações! Valor legado utilizado. Verifique suas Definições no arquivo de configurações!
AVISO: [30/03/2018 04:25] - Valor 'sessionexpiretime' não encontrada nas configurações! Valor legado utilizado. Verifique suas Definições no arquivo de configurações!
AVISO: [30/03/2018 04:25] - Valor 'typedb' não encontrada nas configurações! Valor legado utilizado. Verifique suas Definições no arquivo de configurações!
AVISO: [30/03/2018 04:25] - Valor 'sessionexpiretime' não encontrada nas configurações! Valor legado utilizado. Verifique suas Definições no arquivo de configurações!
AVISO: [30/03/2018 04:25] - Valor 'typedb' não encontrada nas configurações! Valor legado utilizado. Verifique suas Definições no arquivo de configurações!
AVISO: [30/03/2018 04:25] - Valor 'sessionexpiretime' não encontrada nas configurações! Valor legado utilizado. Verifique suas Definições no arquivo de configurações!
AVISO: [30/03/2018 04:25] - Valor 'typedb' não encontrada nas configurações! Valor legado utilizado. Verifique suas Definições no arquivo de configurações!
AVISO: [30/03/2018 04:25] - Valor 'sessionexpiretime' não encontrada nas configurações! Valor legado utilizado. Verifique suas Definições no arquivo de configurações!
AVISO: [30/03/2018 04:25] - Valor 'typedb' não encontrada nas configurações! Valor legado utilizado. Verifique suas Definições no arquivo de configurações!
AVISO: [30/03/2018 04:26] - Valor 'sessionexpiretime' não encontrada nas configurações! Valor legado utilizado. Verifique suas Definições no arquivo de configurações!
AVISO: [30/03/2018 04:26] - Valor 'typedb' não encontrada nas configurações! Valor legado utilizado. Verifique suas Definições no arquivo de configurações!
AVISO: [30/03/2018 04:26] - Valor 'sessionexpiretime' não encontrada nas configurações! Valor legado utilizado. Verifique suas Definições no arquivo de configurações!
AVISO: [30/03/2018 04:26] - Valor 'typedb' não encontrada nas configurações! Valor legado utilizado. Verifique suas Definições no arquivo de configurações!
AVISO: [30/03/2018 04:27] - Valor 'sessionexpiretime' não encontrada nas configurações! Valor legado utilizado. Verifique suas Definições no arquivo de configurações!
AVISO: [30/03/2018 04:27] - Valor 'typedb' não encontrada nas configurações! Valor legado utilizado. Verifique suas Definições no arquivo de configurações!
AVISO: [30/03/2018 04:27] - Valor 'sessionexpiretime' não encontrada nas configurações! Valor legado utilizado. Verifique suas Definições no arquivo de configurações!
AVISO: [30/03/2018 04:27] - Valor 'typedb' não encontrada nas configurações! Valor legado utilizado. Verifique suas Definições no arquivo de configurações!
AVISO: [30/03/2018 04:27] - Valor 'sessionexpiretime' não encontrada nas configurações! Valor legado utilizado. Verifique suas Definições no arquivo de configurações!
AVISO: [30/03/2018 04:27] - Valor 'typedb' não encontrada nas configurações! Valor legado utilizado. Verifique suas Definições no arquivo de configurações!
AVISO: [30/03/2018 04:27] - Valor 'sessionexpiretime' não encontrada nas configurações! Valor legado utilizado. Verifique suas Definições no arquivo de configurações!
AVISO: [30/03/2018 04:27] - Valor 'typedb' não encontrada nas configurações! Valor legado utilizado. Verifique suas Definições no arquivo de configurações!
AVISO: [30/03/2018 04:28] - Valor 'sessionexpiretime' não encontrada nas configurações! Valor legado utilizado. Verifique suas Definições no arquivo de configurações!
AVISO: [30/03/2018 04:28] - Valor 'typedb' não encontrada nas configurações! Valor legado utilizado. Verifique suas Definições no arquivo de configurações!
AVISO: [30/03/2018 04:28] - Valor 'sessionexpiretime' não encontrada nas configurações! Valor legado utilizado. Verifique suas Definições no arquivo de configurações!
AVISO: [30/03/2018 04:28] - Valor 'typedb' não encontrada nas configurações! Valor legado utilizado. Verifique suas Definições no arquivo de configurações!
AVISO: [30/03/2018 04:28] - Valor 'sessionexpiretime' não encontrada nas configurações! Valor legado utilizado. Verifique suas Definições no arquivo de configurações!
AVISO: [30/03/2018 04:28] - Valor 'typedb' não encontrada nas configurações! Valor legado utilizado. Verifique suas Definições no arquivo de configurações!
AVISO: [30/03/2018 04:28] - Valor 'sessionexpiretime' não encontrada nas configurações! Valor legado utilizado. Verifique suas Definições no arquivo de configurações!
AVISO: [30/03/2018 04:28] - Valor 'typedb' não encontrada nas configurações! Valor legado utilizado. Verifique suas Definições no arquivo de configurações!
AVISO: [30/03/2018 04:29] - Valor 'sessionexpiretime' não encontrada nas configurações! Valor legado utilizado. Verifique suas Definições no arquivo de configurações!
AVISO: [30/03/2018 04:29] - Valor 'typedb' não encontrada nas configurações! Valor legado utilizado. Verifique suas Definições no arquivo de configurações!
AVISO: [30/03/2018 04:29] - Valor 'sessionexpiretime' não encontrada nas configurações! Valor legado utilizado. Verifique suas Definições no arquivo de configurações!
AVISO: [30/03/2018 04:29] - Valor 'typedb' não encontrada nas configurações! Valor legado utilizado. Verifique suas Definições no arquivo de configurações!
AVISO: [30/03/2018 04:30] - Valor 'sessionexpiretime' não encontrada nas configurações! Valor legado utilizado. Verifique suas Definições no arquivo de configurações!
AVISO: [30/03/2018 04:30] - Valor 'typedb' não encontrada nas configurações! Valor legado utilizado. Verifique suas Definições no arquivo de configurações!
AVISO: [30/03/2018 04:30] - Valor 'sessionexpiretime' não encontrada nas configurações! Valor legado utilizado. Verifique suas Definições no arquivo de configurações!
AVISO: [30/03/2018 04:30] - Valor 'typedb' não encontrada nas configurações! Valor legado utilizado. Verifique suas Definições no arquivo de configurações!
AVISO: [30/03/2018 04:30] - Valor 'sessionexpiretime' não encontrada nas configurações! Valor legado utilizado. Verifique suas Definições no arquivo de configurações!
AVISO: [30/03/2018 04:30] - Valor 'typedb' não encontrada nas configurações! Valor legado utilizado. Verifique suas Definições no arquivo de configurações!
AVISO: [30/03/2018 04:30] - Valor 'sessionexpiretime' não encontrada nas configurações! Valor legado utilizado. Verifique suas Definições no arquivo de configurações!
AVISO: [30/03/2018 04:30] - Valor 'typedb' não encontrada nas configurações! Valor legado utilizado. Verifique suas Definições no arquivo de configurações!
AVISO: [30/03/2018 04:37] - Valor 'sessionexpiretime' não encontrada nas configurações! Valor legado utilizado. Verifique suas Definições no arquivo de configurações!
AVISO: [30/03/2018 04:37] - Valor 'typedb' não encontrada nas configurações! Valor legado utilizado. Verifique suas Definições no arquivo de configurações!
AVISO: [30/03/2018 04:37] - Valor 'sessionexpiretime' não encontrada nas configurações! Valor legado utilizado. Verifique suas Definições no arquivo de configurações!
AVISO: [30/03/2018 04:37] - Valor 'typedb' não encontrada nas configurações! Valor legado utilizado. Verifique suas Definições no arquivo de configurações!
AVISO: [30/03/2018 04:38] - Valor 'sessionexpiretime' não encontrada nas configurações! Valor legado utilizado. Verifique suas Definições no arquivo de configurações!
AVISO: [30/03/2018 04:38] - Valor 'typedb' não encontrada nas configurações! Valor legado utilizado. Verifique suas Definições no arquivo de configurações!
AVISO: [30/03/2018 04:38] - Valor 'sessionexpiretime' não encontrada nas configurações! Valor legado utilizado. Verifique suas Definições no arquivo de configurações!
AVISO: [30/03/2018 04:38] - Valor 'typedb' não encontrada nas configurações! Valor legado utilizado. Verifique suas Definições no arquivo de configurações!
AVISO: [30/03/2018 04:43] - Valor 'sessionexpiretime' não encontrada nas configurações! Valor legado utilizado. Verifique suas Definições no arquivo de configurações!
AVISO: [30/03/2018 04:43] - Valor 'typedb' não encontrada nas configurações! Valor legado utilizado. Verifique suas Definições no arquivo de configurações!
AVISO: [30/03/2018 04:43] - Valor 'sessionexpiretime' não encontrada nas configurações! Valor legado utilizado. Verifique suas Definições no arquivo de configurações!
AVISO: [30/03/2018 04:43] - Valor 'typedb' não encontrada nas configurações! Valor legado utilizado. Verifique suas Definições no arquivo de configurações!
AVISO: [30/03/2018 04:43] - Valor 'sessionexpiretime' não encontrada nas configurações! Valor legado utilizado. Verifique suas Definições no arquivo de configurações!
AVISO: [30/03/2018 04:43] - Valor 'typedb' não encontrada nas configurações! Valor legado utilizado. Verifique suas Definições no arquivo de configurações!
AVISO: [30/03/2018 04:43] - Valor 'sessionexpiretime' não encontrada nas configurações! Valor legado utilizado. Verifique suas Definições no arquivo de configurações!
AVISO: [30/03/2018 04:43] - Valor 'typedb' não encontrada nas configurações! Valor legado utilizado. Verifique suas Definições no arquivo de configurações!
AVISO: [30/03/2018 04:43] - Valor 'sessionexpiretime' não encontrada nas configurações! Valor legado utilizado. Verifique suas Definições no arquivo de configurações!
AVISO: [30/03/2018 04:43] - Valor 'typedb' não encontrada nas configurações! Valor legado utilizado. Verifique suas Definições no arquivo de configurações!
AVISO: [30/03/2018 04:43] - Valor 'sessionexpiretime' não encontrada nas configurações! Valor legado utilizado. Verifique suas Definições no arquivo de configurações!
AVISO: [30/03/2018 04:43] - Valor 'typedb' não encontrada nas configurações! Valor legado utilizado. Verifique suas Definições no arquivo de configurações!
AVISO: [30/03/2018 04:43] - Valor 'sessionexpiretime' não encontrada nas configurações! Valor legado utilizado. Verifique suas Definições no arquivo de configurações!
AVISO: [30/03/2018 04:43] - Valor 'typedb' não encontrada nas configurações! Valor legado utilizado. Verifique suas Definições no arquivo de configurações!
AVISO: [30/03/2018 04:44] - Valor 'sessionexpiretime' não encontrada nas configurações! Valor legado utilizado. Verifique suas Definições no arquivo de configurações!
AVISO: [30/03/2018 04:44] - Valor 'typedb' não encontrada nas configurações! Valor legado utilizado. Verifique suas Definições no arquivo de configurações!
AVISO: [30/03/2018 04:44] - Valor 'sessionexpiretime' não encontrada nas configurações! Valor legado utilizado. Verifique suas Definições no arquivo de configurações!
AVISO: [30/03/2018 04:44] - Valor 'typedb' não encontrada nas configurações! Valor legado utilizado. Verifique suas Definições no arquivo de configurações!
AVISO: [30/03/2018 04:44] - Valor 'sessionexpiretime' não encontrada nas configurações! Valor legado utilizado. Verifique suas Definições no arquivo de configurações!
AVISO: [30/03/2018 04:44] - Valor 'typedb' não encontrada nas configurações! Valor legado utilizado. Verifique suas Definições no arquivo de configurações!
AVISO: [30/03/2018 04:44] - Valor 'sessionexpiretime' não encontrada nas configurações! Valor legado utilizado. Verifique suas Definições no arquivo de configurações!
AVISO: [30/03/2018 04:44] - Valor 'typedb' não encontrada nas configurações! Valor legado utilizado. Verifique suas Definições no arquivo de configurações!
AVISO: [30/03/2018 04:44] - Valor 'sessionexpiretime' não encontrada nas configurações! Valor legado utilizado. Verifique suas Definições no arquivo de configurações!
AVISO: [30/03/2018 04:44] - Valor 'typedb' não encontrada nas configurações! Valor legado utilizado. Verifique suas Definições no arquivo de configurações!
AVISO: [30/03/2018 04:44] - Valor 'sessionexpiretime' não encontrada nas configurações! Valor legado utilizado. Verifique suas Definições no arquivo de configurações!
AVISO: [30/03/2018 04:44] - Valor 'typedb' não encontrada nas configurações! Valor legado utilizado. Verifique suas Definições no arquivo de configurações!
AVISO: [30/03/2018 04:44] - Valor 'sessionexpiretime' não encontrada nas configurações! Valor legado utilizado. Verifique suas Definições no arquivo de configurações!
AVISO: [30/03/2018 04:44] - Valor 'typedb' não encontrada nas configurações! Valor legado utilizado. Verifique suas Definições no arquivo de configurações!
AVISO: [30/03/2018 04:44] - Valor 'sessionexpiretime' não encontrada nas configurações! Valor legado utilizado. Verifique suas Definições no arquivo de configurações!
AVISO: [30/03/2018 04:44] - Valor 'typedb' não encontrada nas configurações! Valor legado utilizado. Verifique suas Definições no arquivo de configurações!
AVISO: [30/03/2018 04:44] - Valor 'sessionexpiretime' não encontrada nas configurações! Valor legado utilizado. Verifique suas Definições no arquivo de configurações!
AVISO: [30/03/2018 04:44] - Valor 'typedb' não encontrada nas configurações! Valor legado utilizado. Verifique suas Definições no arquivo de configurações!
AVISO: [30/03/2018 04:44] - Valor 'sessionexpiretime' não encontrada nas configurações! Valor legado utilizado. Verifique suas Definições no arquivo de configurações!
AVISO: [30/03/2018 04:44] - Valor 'typedb' não encontrada nas configurações! Valor legado utilizado. Verifique suas Definições no arquivo de configurações!
AVISO: [30/03/2018 04:44] - Valor 'sessionexpiretime' não encontrada nas configurações! Valor legado utilizado. Verifique suas Definições no arquivo de configurações!
AVISO: [30/03/2018 04:44] - Valor 'typedb' não encontrada nas configurações! Valor legado utilizado. Verifique suas Definições no arquivo de configurações!
AVISO: [30/03/2018 04:45] - Valor 'sessionexpiretime' não encontrada nas configurações! Valor legado utilizado. Verifique suas Definições no arquivo de configurações!
AVISO: [30/03/2018 04:45] - Valor 'typedb' não encontrada nas configurações! Valor legado utilizado. Verifique suas Definições no arquivo de configurações!
AVISO: [30/03/2018 04:45] - Valor 'sessionexpiretime' não encontrada nas configurações! Valor legado utilizado. Verifique suas Definições no arquivo de configurações!
AVISO: [30/03/2018 04:45] - Valor 'typedb' não encontrada nas configurações! Valor legado utilizado. Verifique suas Definições no arquivo de configurações!
AVISO: [30/03/2018 04:45] - Valor 'sessionexpiretime' não encontrada nas configurações! Valor legado utilizado. Verifique suas Definições no arquivo de configurações!
AVISO: [30/03/2018 04:45] - Valor 'typedb' não encontrada nas configurações! Valor legado utilizado. Verifique suas Definições no arquivo de configurações!
AVISO: [30/03/2018 04:45] - Valor 'sessionexpiretime' não encontrada nas configurações! Valor legado utilizado. Verifique suas Definições no arquivo de configurações!
AVISO: [30/03/2018 04:45] - Valor 'typedb' não encontrada nas configurações! Valor legado utilizado. Verifique suas Definições no arquivo de configurações!
AVISO: [30/03/2018 04:45] - Valor 'sessionexpiretime' não encontrada nas configurações! Valor legado utilizado. Verifique suas Definições no arquivo de configurações!
AVISO: [30/03/2018 04:45] - Valor 'typedb' não encontrada nas configurações! Valor legado utilizado. Verifique suas Definições no arquivo de configurações!
AVISO: [30/03/2018 05:05] - Valor 'sessionexpiretime' não encontrada nas configurações! Valor legado utilizado. Verifique suas Definições no arquivo de configurações!
AVISO: [30/03/2018 05:05] - Valor 'typedb' não encontrada nas configurações! Valor legado utilizado. Verifique suas Definições no arquivo de configurações!
AVISO: [30/03/2018 05:05] - Valor 'sessionexpiretime' não encontrada nas configurações! Valor legado utilizado. Verifique suas Definições no arquivo de configurações!
AVISO: [30/03/2018 05:05] - Valor 'typedb' não encontrada nas configurações! Valor legado utilizado. Verifique suas Definições no arquivo de configurações!
AVISO: [30/03/2018 05:05] - Valor 'sessionexpiretime' não encontrada nas configurações! Valor legado utilizado. Verifique suas Definições no arquivo de configurações!
AVISO: [30/03/2018 05:05] - Valor 'typedb' não encontrada nas configurações! Valor legado utilizado. Verifique suas Definições no arquivo de configurações!
AVISO: [30/03/2018 05:05] - Valor 'sessionexpiretime' não encontrada nas configurações! Valor legado utilizado. Verifique suas Definições no arquivo de configurações!
AVISO: [30/03/2018 05:05] - Valor 'typedb' não encontrada nas configurações! Valor legado utilizado. Verifique suas Definições no arquivo de configurações!
AVISO: [30/03/2018 05:27] - Valor 'sessionexpiretime' não encontrada nas configurações! Valor legado utilizado. Verifique suas Definições no arquivo de configurações!
AVISO: [30/03/2018 05:27] - Valor 'typedb' não encontrada nas configurações! Valor legado utilizado. Verifique suas Definições no arquivo de configurações!
AVISO: [30/03/2018 05:27] - Valor 'sessionexpiretime' não encontrada nas configurações! Valor legado utilizado. Verifique suas Definições no arquivo de configurações!
AVISO: [30/03/2018 05:27] - Valor 'typedb' não encontrada nas configurações! Valor legado utilizado. Verifique suas Definições no arquivo de configurações!
AVISO: [30/03/2018 05:28] - Valor 'sessionexpiretime' não encontrada nas configurações! Valor legado utilizado. Verifique suas Definições no arquivo de configurações!
AVISO: [30/03/2018 05:28] - Valor 'typedb' não encontrada nas configurações! Valor legado utilizado. Verifique suas Definições no arquivo de configurações!
AVISO: [30/03/2018 05:28] - Valor 'sessionexpiretime' não encontrada nas configurações! Valor legado utilizado. Verifique suas Definições no arquivo de configurações!
AVISO: [30/03/2018 05:28] - Valor 'typedb' não encontrada nas configurações! Valor legado utilizado. Verifique suas Definições no arquivo de configurações!
AVISO: [30/03/2018 06:40] - Valor 'sessionexpiretime' não encontrada nas configurações! Valor legado utilizado. Verifique suas Definições no arquivo de configurações!
AVISO: [30/03/2018 06:40] - Valor 'typedb' não encontrada nas configurações! Valor legado utilizado. Verifique suas Definições no arquivo de configurações!
AVISO: [30/03/2018 06:40] - Valor 'sessionexpiretime' não encontrada nas configurações! Valor legado utilizado. Verifique suas Definições no arquivo de configurações!
AVISO: [30/03/2018 06:40] - Valor 'typedb' não encontrada nas configurações! Valor legado utilizado. Verifique suas Definições no arquivo de configurações!
AVISO: [30/03/2018 06:40] - Valor 'sessionexpiretime' não encontrada nas configurações! Valor legado utilizado. Verifique suas Definições no arquivo de configurações!
AVISO: [30/03/2018 06:40] - Valor 'typedb' não encontrada nas configurações! Valor legado utilizado. Verifique suas Definições no arquivo de configurações!
AVISO: [30/03/2018 06:40] - Valor 'sessionexpiretime' não encontrada nas configurações! Valor legado utilizado. Verifique suas Definições no arquivo de configurações!
AVISO: [30/03/2018 06:40] - Valor 'typedb' não encontrada nas configurações! Valor legado utilizado. Verifique suas Definições no arquivo de configurações!
